<?xml version="1.0" encoding="UTF-8"?>
<!-- Generated by org.testng.reporters.JUnitXMLReporter -->
<testsuite hostname="DESKTOP-SP3S9M1" name="Regression" tests="4" failures="0" timestamp="3 Nov 2019 19:23:26 GMT" time="0.113" errors="0">
  <testcase name="second" time="0.039" classname="com.testpackage.Day1"/>
  <testcase name="credit" time="0.002" classname="com.testpackage.Day2"/>
  <testcase name="apitesting" time="0.004" classname="com.testpackage.Day3"/>
  <testcase name="apitestingHomepage" time="0.002" classname="com.testpackage.Day4"/>
</testsuite> <!-- Regression -->
