<?xml version="1.0" encoding="UTF-8"?>
<!-- Generated by org.testng.reporters.JUnitXMLReporter -->
<testsuite hostname="DESKTOP-SP3S9M1" name="CreditCard" tests="7" failures="0" timestamp="4 Nov 2019 09:35:21 GMT" time="0.078" errors="0">
  <testcase name="Demo" time="0.032" classname="com.testpackage.Day1"/>
  <testcase name="second" time="0.0" classname="com.testpackage.Day1"/>
  <testcase name="credit" time="0.0" classname="com.testpackage.Day2"/>
  <testcase name="ploan" time="0.0" classname="com.testpackage.Day2"/>
  <testcase name="apitestingHomepage" time="0.0" classname="com.testpackage.Day4"/>
  <testcase name="mobileloginHomepage" time="0.0" classname="com.testpackage.Day4">
    <skipped/>
  </testcase> <!-- mobileloginHomepage -->
  <testcase name="webloginHomepage" time="0.0" classname="com.testpackage.Day4"/>
</testsuite> <!-- CreditCard -->
